app/build/outputs/logs/manifest-merger-debug-report.txt
-- Merging decision tree log ---
manifest
ADDED from src/main/AndroidManifest.xml:2:1-101:12
	package
		ADDED from src/main/AndroidManifest.xml:3:5-35
		INJECTED from src/main/AndroidManifest.xml
		INJECTED from src/main/AndroidManifest.xml
	android:versionName
		ADDED from src/main/AndroidManifest.xml:5:5-30
	android:versionCode
		ADDED from src/main/AndroidManifest.xml:4:5-28
		INJECTED from src/main/AndroidManifest.xml
		INJECTED from src/main/AndroidManifest.xml
	xmlns:android
		ADDED from src/main/AndroidManifest.xml:2:11-69
uses-sdk
ADDED from src/main/AndroidManifest.xml:7:5-9:41
	android:targetSdkVersion
		ADDED from src/main/AndroidManifest.xml:9:9-38
		INJECTED from src/main/AndroidManifest.xml
		INJECTED from src/main/AndroidManifest.xml
	android:minSdkVersion
		ADDED from src/main/AndroidManifest.xml:8:9-34
		INJECTED from src/main/AndroidManifest.xml
		INJECTED from src/main/AndroidManifest.xml
uses-permission#android.permission.INTERNET
ADDED from src/main/AndroidManifest.xml:11:5-67
	android:name
		ADDED from src/main/AndroidManifest.xml:11:22-64
application
ADDED from src/main/AndroidManifest.xml:13:5-99:19
	android:label
		ADDED from src/main/AndroidManifest.xml:16:9-41
	android:allowBackup
		ADDED from src/main/AndroidManifest.xml:14:9-35
	android:icon
		ADDED from src/main/AndroidManifest.xml:15:9-45
	android:theme
		ADDED from src/main/AndroidManifest.xml:17:9-40
activity#com.library.activity.SplashActivity
ADDED from src/main/AndroidManifest.xml:18:9-23:20
	android:screenOrientation
		ADDED from src/main/AndroidManifest.xml:21:13-49
	android:label
		ADDED from src/main/AndroidManifest.xml:20:13-58
	android:name
		ADDED from src/main/AndroidManifest.xml:19:13-63
activity#com.library.activity.MainActivity
ADDED from src/main/AndroidManifest.xml:24:9-32:20
	android:screenOrientation
		ADDED from src/main/AndroidManifest.xml:26:13-49
	android:name
		ADDED from src/main/AndroidManifest.xml:25:13-61
intent-filter#android.intent.action.MAIN+android.intent.category.LAUNCHER
ADDED from src/main/AndroidManifest.xml:27:13-31:29
action#android.intent.action.MAIN
ADDED from src/main/AndroidManifest.xml:28:17-69
	android:name
		ADDED from src/main/AndroidManifest.xml:28:25-66
category#android.intent.category.LAUNCHER
ADDED from src/main/AndroidManifest.xml:30:17-77
	android:name
		ADDED from src/main/AndroidManifest.xml:30:27-74
activity#com.library.activity.SettingActivity
ADDED from src/main/AndroidManifest.xml:33:9-36:20
	android:screenOrientation
		ADDED from src/main/AndroidManifest.xml:35:13-49
	android:name
		ADDED from src/main/AndroidManifest.xml:34:13-64
activity#com.library.fragment.RankFragment
ADDED from src/main/AndroidManifest.xml:37:9-40:20
	android:label
		ADDED from src/main/AndroidManifest.xml:39:13-49
	android:name
		ADDED from src/main/AndroidManifest.xml:38:13-61
activity#com.library.fragment.IdentityFragment
ADDED from src/main/AndroidManifest.xml:41:9-44:20
	android:label
		ADDED from src/main/AndroidManifest.xml:43:13-53
	android:name
		ADDED from src/main/AndroidManifest.xml:42:13-65
activity#com.library.fragment.FriendFragment
ADDED from src/main/AndroidManifest.xml:45:9-48:20
	android:label
		ADDED from src/main/AndroidManifest.xml:47:13-51
	android:name
		ADDED from src/main/AndroidManifest.xml:46:13-63
activity#com.library.fragment.FindFriendFragment
ADDED from src/main/AndroidManifest.xml:49:9-52:20
	android:label
		ADDED from src/main/AndroidManifest.xml:51:13-55
	android:name
		ADDED from src/main/AndroidManifest.xml:50:13-67
activity#com.library.fragment.RoutineLikeFragment
ADDED from src/main/AndroidManifest.xml:54:9-57:20
	android:label
		ADDED from src/main/AndroidManifest.xml:56:13-53
	android:name
		ADDED from src/main/AndroidManifest.xml:55:13-68
activity#com.library.fragment.RoutineCmdFragment
ADDED from src/main/AndroidManifest.xml:58:9-61:20
	android:label
		ADDED from src/main/AndroidManifest.xml:60:13-53
	android:name
		ADDED from src/main/AndroidManifest.xml:59:13-67
activity#com.library.fragment.RoutineDesignFragment
ADDED from src/main/AndroidManifest.xml:62:9-65:20
	android:label
		ADDED from src/main/AndroidManifest.xml:64:13-53
	android:name
		ADDED from src/main/AndroidManifest.xml:63:13-70
activity#com.library.activity.Login
ADDED from src/main/AndroidManifest.xml:66:9-69:20
	android:label
		ADDED from src/main/AndroidManifest.xml:68:13-42
	android:name
		ADDED from src/main/AndroidManifest.xml:67:13-54
activity#com.library.activity.StartActivity
ADDED from src/main/AndroidManifest.xml:70:9-76:20
	android:screenOrientation
		ADDED from src/main/AndroidManifest.xml:73:13-50
	android:label
		ADDED from src/main/AndroidManifest.xml:72:13-50
	android:configChanges
		ADDED from src/main/AndroidManifest.xml:74:13-48
	android:name
		ADDED from src/main/AndroidManifest.xml:71:13-62
activity#com.library.activity.StartRunActivity
ADDED from src/main/AndroidManifest.xml:77:9-83:20
	android:screenOrientation
		ADDED from src/main/AndroidManifest.xml:80:13-50
	android:label
		ADDED from src/main/AndroidManifest.xml:79:13-53
	android:configChanges
		ADDED from src/main/AndroidManifest.xml:81:13-48
	android:name
		ADDED from src/main/AndroidManifest.xml:78:13-65
activity#com.library.activity.ExitActivity
ADDED from src/main/AndroidManifest.xml:84:9-90:20
	android:screenOrientation
		ADDED from src/main/AndroidManifest.xml:87:13-50
	android:label
		ADDED from src/main/AndroidManifest.xml:86:13-49
	android:configChanges
		ADDED from src/main/AndroidManifest.xml:88:13-48
	android:name
		ADDED from src/main/AndroidManifest.xml:85:13-61
activity#com.library.activity.ShareActivity
ADDED from src/main/AndroidManifest.xml:91:9-94:20
	android:label
		ADDED from src/main/AndroidManifest.xml:93:13-42
	android:name
		ADDED from src/main/AndroidManifest.xml:92:13-62
activity#com.library.activity.Data
ADDED from src/main/AndroidManifest.xml:95:9-98:20
	android:label
		ADDED from src/main/AndroidManifest.xml:97:13-41
	android:name
		ADDED from src/main/AndroidManifest.xml:96:13-53